Using pre-set license
Built from '2022.2/release' branch; Version is '2022.2.0f1 (35dcd44975df) revision 3529940'; Using compiler version '192829333'; Build Type 'Release'
OS: 'Windows 10  (10.0.19045) 64bit Core' Language: 'en' Physical Memory: 28565 MB
BatchMode: 1, IsHumanControllingUs: 0, StartBugReporterOnCrash: 0, Is64bit: 1, IsPro: 1

COMMAND LINE ARGUMENTS:
C:\Program Files\Unity 2022.2.0f1\Editor\Unity.exe
-adb2
-batchMode
-noUpm
-name
AssetImportWorker0
-projectPath
G:/Vega 2024/Game Development/GADE7321-Part-2-Part-3/GADE Part 2
-logFile
Logs/AssetImportWorker0.log
-srvPort
50749
Successfully changed project path to: G:/Vega 2024/Game Development/GADE7321-Part-2-Part-3/GADE Part 2
G:/Vega 2024/Game Development/GADE7321-Part-2-Part-3/GADE Part 2
[UnityMemory] Configuration Parameters - Can be set up in boot.config
    "memorysetup-bucket-allocator-granularity=16"
    "memorysetup-bucket-allocator-bucket-count=8"
    "memorysetup-bucket-allocator-block-size=33554432"
    "memorysetup-bucket-allocator-block-count=8"
    "memorysetup-main-allocator-block-size=16777216"
    "memorysetup-thread-allocator-block-size=16777216"
    "memorysetup-gfx-main-allocator-block-size=16777216"
    "memorysetup-gfx-thread-allocator-block-size=16777216"
    "memorysetup-cache-allocator-block-size=4194304"
    "memorysetup-typetree-allocator-block-size=2097152"
    "memorysetup-profiler-bucket-allocator-granularity=16"
    "memorysetup-profiler-bucket-allocator-bucket-count=8"
    "memorysetup-profiler-bucket-allocator-block-size=33554432"
    "memorysetup-profiler-bucket-allocator-block-count=8"
    "memorysetup-profiler-allocator-block-size=16777216"
    "memorysetup-profiler-editor-allocator-block-size=1048576"
    "memorysetup-temp-allocator-size-main=16777216"
    "memorysetup-job-temp-allocator-block-size=2097152"
    "memorysetup-job-temp-allocator-block-size-background=1048576"
    "memorysetup-job-temp-allocator-reduction-small-platforms=262144"
    "memorysetup-temp-allocator-size-background-worker=32768"
    "memorysetup-temp-allocator-size-job-worker=262144"
    "memorysetup-temp-allocator-size-preload-manager=33554432"
    "memorysetup-temp-allocator-size-nav-mesh-worker=65536"
    "memorysetup-temp-allocator-size-audio-worker=65536"
    "memorysetup-temp-allocator-size-cloud-worker=32768"
    "memorysetup-temp-allocator-size-gi-baking-worker=262144"
    "memorysetup-temp-allocator-size-gfx=262144"
Player connection [2768] Host "[IP] 192.168.1.26 [Port] 0 [Flags] 2 [Guid] 3482890424 [EditorId] 3482890424 [Version] 1048832 [Id] WindowsEditor(7,DESKTOP-8MTICCV) [Debug] 1 [PackageName] WindowsEditor [ProjectName] Editor" joined multi-casting on [225.0.0.222:54997]...

Player connection [2768] Host "[IP] 192.168.1.26 [Port] 0 [Flags] 2 [Guid] 3482890424 [EditorId] 3482890424 [Version] 1048832 [Id] WindowsEditor(7,DESKTOP-8MTICCV) [Debug] 1 [PackageName] WindowsEditor [ProjectName] Editor" joined alternative multi-casting on [225.0.0.222:34997]...

Refreshing native plugins compatible for Editor in 8.93 ms, found 3 plugins.
Preloading 0 native plugins for Editor in 0.00 ms.
Initialize engine version: 2022.2.0f1 (35dcd44975df)
[Subsystems] Discovering subsystems at path C:/Program Files/Unity 2022.2.0f1/Editor/Data/Resources/UnitySubsystems
[Subsystems] Discovering subsystems at path G:/Vega 2024/Game Development/GADE7321-Part-2-Part-3/GADE Part 2/Assets
GfxDevice: creating device client; threaded=0; jobified=0
Direct3D:
    Version:  Direct3D 11.0 [level 11.1]
    Renderer: NVIDIA GeForce RTX 3060 (ID=0x2487)
    Vendor:   NVIDIA
    VRAM:     12110 MB
    Driver:   31.0.15.5161
Initialize mono
Mono path[0] = 'C:/Program Files/Unity 2022.2.0f1/Editor/Data/Managed'
Mono path[1] = 'C:/Program Files/Unity 2022.2.0f1/Editor/Data/MonoBleedingEdge/lib/mono/unityjit-win32'
Mono config path = 'C:/Program Files/Unity 2022.2.0f1/Editor/Data/MonoBleedingEdge/etc'
Using monoOptions --debugger-agent=transport=dt_socket,embedding=1,server=y,suspend=n,address=127.0.0.1:56448
Begin MonoManager ReloadAssembly
Registering precompiled unity dll's ...
Register platform support module: C:/Program Files/Unity 2022.2.0f1/Editor/Data/PlaybackEngines/WindowsStandaloneSupport/UnityEditor.WindowsStandalone.Extensions.dll
Registered in 0.007644 seconds.
- Loaded All Assemblies, in  0.322 seconds
Native extension for WindowsStandalone target not found
Mono: successfully reloaded assembly
- Finished resetting the current domain, in  0.278 seconds
Domain Reload Profiling:
	ReloadAssembly (193ms)
		BeginReloadAssembly (68ms)
			ExecutionOrderSort (0ms)
			DisableScriptedObjects (0ms)
			BackupInstance (0ms)
			ReleaseScriptingObjects (0ms)
			CreateAndSetChildDomain (1ms)
		LoadAllAssembliesAndSetupDomain (0ms)
			LoadAssemblies (66ms)
			RebuildTransferFunctionScriptingTraits (0ms)
			SetupTypeCache (118ms)
				TypeCache.Initialize (117ms)
					TypeCache.ScanAssembly (116ms)
				ResolveRequiredComponents (0ms)
		FinalizeReload (0ms)
			ReleaseScriptCaches (0ms)
			RebuildScriptCaches (0ms)
			SetupLoadedEditorAssemblies (226ms)
				LogAssemblyErrors (0ms)
				InitializePlatformSupportModulesInManaged (10ms)
				SetLoadedEditorAssemblies (7ms)
				RefreshPlugins (0ms)
				BeforeProcessingInitializeOnLoad (1ms)
				ProcessInitializeOnLoadAttributes (141ms)
				ProcessInitializeOnLoadMethodAttributes (66ms)
				AfterProcessingInitializeOnLoad (0ms)
				EditorAssembliesLoaded (0ms)
			ExecutionOrderSort2 (0ms)
			AwakeInstancesAfterBackupRestoration (0ms)
========================================================================
Worker process is ready to serve import requests
Begin MonoManager ReloadAssembly
Symbol file LoadedFromMemory doesn't match image G:\Vega 2024\Game Development\GADE7321-Part-2-Part-3\GADE Part 2\Library\PackageCache\com.unity.visualscripting@1.8.0\Editor\VisualScripting.Core\Dependencies\YamlDotNet\Unity.VisualScripting.YamlDotNet.dll
Symbol file LoadedFromMemory doesn't match image G:\Vega 2024\Game Development\GADE7321-Part-2-Part-3\GADE Part 2\Library\PackageCache\com.unity.visualscripting@1.8.0\Editor\VisualScripting.Core\Dependencies\DotNetZip\Unity.VisualScripting.IonicZip.dll
- Loaded All Assemblies, in  0.609 seconds
Refreshing native plugins compatible for Editor in 1.70 ms, found 3 plugins.
Native extension for WindowsStandalone target not found
Mono: successfully reloaded assembly
- Finished resetting the current domain, in  0.437 seconds
Domain Reload Profiling:
	ReloadAssembly (196ms)
		BeginReloadAssembly (105ms)
			ExecutionOrderSort (0ms)
			DisableScriptedObjects (5ms)
			BackupInstance (0ms)
			ReleaseScriptingObjects (0ms)
			CreateAndSetChildDomain (21ms)
		LoadAllAssembliesAndSetupDomain (411ms)
			LoadAssemblies (66ms)
			RebuildTransferFunctionScriptingTraits (0ms)
			SetupTypeCache (389ms)
				TypeCache.Initialize (250ms)
					TypeCache.ScanAssembly (246ms)
				ResolveRequiredComponents (3ms)
		FinalizeReload (0ms)
			ReleaseScriptCaches (0ms)
			RebuildScriptCaches (0ms)
			SetupLoadedEditorAssemblies (309ms)
				LogAssemblyErrors (0ms)
				InitializePlatformSupportModulesInManaged (5ms)
				SetLoadedEditorAssemblies (6ms)
				RefreshPlugins (0ms)
				BeforeProcessingInitializeOnLoad (55ms)
				ProcessInitializeOnLoadAttributes (214ms)
				ProcessInitializeOnLoadMethodAttributes (19ms)
				AfterProcessingInitializeOnLoad (8ms)
				EditorAssembliesLoaded (0ms)
			ExecutionOrderSort2 (0ms)
			AwakeInstancesAfterBackupRestoration (6ms)
Launched and connected shader compiler UnityShaderCompiler.exe after 0.04 seconds
Refreshing native plugins compatible for Editor in 1.64 ms, found 3 plugins.
Preloading 0 native plugins for Editor in 0.00 ms.
Unloading 3098 Unused Serialized files (Serialized files now loaded: 0)
Unloading 23 unused Assets / (66.7 KB). Loaded Objects now: 3564.
Memory consumption went from 485.5 MB to 485.4 MB.
Total: 2.830700 ms (FindLiveObjects: 0.296800 ms CreateObjectMapping: 0.125900 ms MarkObjects: 2.289300 ms  DeleteObjects: 0.117800 ms)

AssetImportParameters requested are different than current active one (requested -> active):
  custom:container-demuxer-ogg: 62fdf1f143b41e24485cea50d1cbac27 -> 
  custom:video-decoder-ogg-theora: a1e56fd34408186e4bbccfd4996cb3dc -> 
  custom:framework-win-MediaFoundation: 216162199b28c13a410421893ffa2e32 -> 
  custom:container-demuxer-webm: 4f35f7cbe854078d1ac9338744f61a02 -> 
  custom:container-muxer-webm: aa71ff27fc2769a1b78a27578f13a17b -> 
  custom:video-decoder-webm-vp8: 9c59270c3fd7afecdb556c50c9e8de78 -> 
  custom:AudioImporter_EditorPlatform: d09bf68614088b80899f8185d706f6e7 -> 
  custom:video-encoder-webm-vp8: eb34c28f22e8b96e1ab97ce403110664 -> 
  custom:audio-decoder-ogg-vorbis: bf7c407c2cedff20999df2af8eb42d56 -> 
  custom:audio-encoder-webm-vorbis: bf7c407c2cedff20999df2af8eb42d56 -> 
========================================================================
Received Import Request.
  Time since last request: 17060.337404 seconds.
  path: Assets/Scripts/AI classes/MCST.cs
  artifactKey: Guid(1aeb23232235f77459be32ef8db755f2) Importer(815301076,1909f56bfc062723c751e8b465ee728b)
Number of updated assets reloaded before import = 0
Start importing Assets/Scripts/AI classes/MCST.cs using Guid(1aeb23232235f77459be32ef8db755f2) Importer(815301076,1909f56bfc062723c751e8b465ee728b)  -> (artifact id: '0402563ff914613a4f2fd6bf6b426bef') in 0.059644 seconds 
Number of asset objects unloaded after import = 0
========================================================================
Received Import Request.
  Time since last request: 2085.874605 seconds.
  path: Assets/Scripts/AI classes/MCST.cs
  artifactKey: Guid(1aeb23232235f77459be32ef8db755f2) Importer(815301076,1909f56bfc062723c751e8b465ee728b)
Number of updated assets reloaded before import = 0
Start importing Assets/Scripts/AI classes/MCST.cs using Guid(1aeb23232235f77459be32ef8db755f2) Importer(815301076,1909f56bfc062723c751e8b465ee728b)  -> (artifact id: 'ac3c87b953d44ac4f5af92e1258c18f6') in 0.030671 seconds 
Number of asset objects unloaded after import = 0
========================================================================
Received Import Request.
  Time since last request: 330.881820 seconds.
  path: Assets/Scripts/AI classes/MCST.cs
  artifactKey: Guid(1aeb23232235f77459be32ef8db755f2) Importer(815301076,1909f56bfc062723c751e8b465ee728b)
Number of updated assets reloaded before import = 0
Start importing Assets/Scripts/AI classes/MCST.cs using Guid(1aeb23232235f77459be32ef8db755f2) Importer(815301076,1909f56bfc062723c751e8b465ee728b)  -> (artifact id: '6ededc0198c5b93ade1c9de168c286aa') in 0.006395 seconds 
Number of asset objects unloaded after import = 0
========================================================================
Received Import Request.
  Time since last request: 237.883040 seconds.
  path: Assets/Scripts/AI classes/MCST.cs
  artifactKey: Guid(1aeb23232235f77459be32ef8db755f2) Importer(815301076,1909f56bfc062723c751e8b465ee728b)
Number of updated assets reloaded before import = 0
Start importing Assets/Scripts/AI classes/MCST.cs using Guid(1aeb23232235f77459be32ef8db755f2) Importer(815301076,1909f56bfc062723c751e8b465ee728b)  -> (artifact id: '5a99df0eef6e9f498594f52dd129e012') in 0.012575 seconds 
Number of asset objects unloaded after import = 0
========================================================================
Received Prepare
Begin MonoManager ReloadAssembly
Symbol file LoadedFromMemory doesn't match image G:\Vega 2024\Game Development\GADE7321-Part-2-Part-3\GADE Part 2\Library\PackageCache\com.unity.visualscripting@1.8.0\Editor\VisualScripting.Core\Dependencies\YamlDotNet\Unity.VisualScripting.YamlDotNet.dll
Symbol file LoadedFromMemory doesn't match image G:\Vega 2024\Game Development\GADE7321-Part-2-Part-3\GADE Part 2\Library\PackageCache\com.unity.visualscripting@1.8.0\Editor\VisualScripting.Core\Dependencies\DotNetZip\Unity.VisualScripting.IonicZip.dll
- Loaded All Assemblies, in  0.628 seconds
Refreshing native plugins compatible for Editor in 2.03 ms, found 3 plugins.
Native extension for WindowsStandalone target not found
Mono: successfully reloaded assembly
- Finished resetting the current domain, in  0.647 seconds
Domain Reload Profiling:
	ReloadAssembly (205ms)
		BeginReloadAssembly (130ms)
			ExecutionOrderSort (0ms)
			DisableScriptedObjects (5ms)
			BackupInstance (0ms)
			ReleaseScriptingObjects (0ms)
			CreateAndSetChildDomain (37ms)
		LoadAllAssembliesAndSetupDomain (420ms)
			LoadAssemblies (77ms)
			RebuildTransferFunctionScriptingTraits (0ms)
			SetupTypeCache (396ms)
				TypeCache.Initialize (230ms)
					TypeCache.ScanAssembly (224ms)
				ResolveRequiredComponents (3ms)
		FinalizeReload (0ms)
			ReleaseScriptCaches (0ms)
			RebuildScriptCaches (0ms)
			SetupLoadedEditorAssemblies (276ms)
				LogAssemblyErrors (0ms)
				InitializePlatformSupportModulesInManaged (13ms)
				SetLoadedEditorAssemblies (9ms)
				RefreshPlugins (0ms)
				BeforeProcessingInitializeOnLoad (55ms)
				ProcessInitializeOnLoadAttributes (171ms)
				ProcessInitializeOnLoadMethodAttributes (19ms)
				AfterProcessingInitializeOnLoad (9ms)
				EditorAssembliesLoaded (0ms)
			ExecutionOrderSort2 (0ms)
			AwakeInstancesAfterBackupRestoration (6ms)
Refreshing native plugins compatible for Editor in 1.76 ms, found 3 plugins.
Preloading 0 native plugins for Editor in 0.00 ms.
Unloading 3078 Unused Serialized files (Serialized files now loaded: 0)
Unloading 18 unused Assets / (33.2 KB). Loaded Objects now: 3567.
Memory consumption went from 481.3 MB to 481.3 MB.
Total: 2.655200 ms (FindLiveObjects: 0.255700 ms CreateObjectMapping: 0.115600 ms MarkObjects: 2.244100 ms  DeleteObjects: 0.038900 ms)

AssetImportParameters requested are different than current active one (requested -> active):
  custom:container-demuxer-ogg: 62fdf1f143b41e24485cea50d1cbac27 -> 
  custom:video-decoder-ogg-theora: a1e56fd34408186e4bbccfd4996cb3dc -> 
  custom:framework-win-MediaFoundation: 216162199b28c13a410421893ffa2e32 -> 
  custom:container-demuxer-webm: 4f35f7cbe854078d1ac9338744f61a02 -> 
  custom:container-muxer-webm: aa71ff27fc2769a1b78a27578f13a17b -> 
  custom:video-decoder-webm-vp8: 9c59270c3fd7afecdb556c50c9e8de78 -> 
  custom:AudioImporter_EditorPlatform: d09bf68614088b80899f8185d706f6e7 -> 
  custom:video-encoder-webm-vp8: eb34c28f22e8b96e1ab97ce403110664 -> 
  custom:audio-decoder-ogg-vorbis: bf7c407c2cedff20999df2af8eb42d56 -> 
  custom:audio-encoder-webm-vorbis: bf7c407c2cedff20999df2af8eb42d56 -> 
========================================================================
Received Import Request.
  Time since last request: 9057.083771 seconds.
  path: Assets/Scripts/AI classes/MCST.cs
  artifactKey: Guid(1aeb23232235f77459be32ef8db755f2) Importer(815301076,1909f56bfc062723c751e8b465ee728b)
Number of updated assets reloaded before import = 0
Start importing Assets/Scripts/AI classes/MCST.cs using Guid(1aeb23232235f77459be32ef8db755f2) Importer(815301076,1909f56bfc062723c751e8b465ee728b)  -> (artifact id: 'd59454ee1e13668fdaff00e7494daec3') in 0.081593 seconds 
Number of asset objects unloaded after import = 0
========================================================================
Received Import Request.
  Time since last request: 26.011044 seconds.
  path: Assets/Scripts/AI classes/MCST.cs
  artifactKey: Guid(1aeb23232235f77459be32ef8db755f2) Importer(815301076,1909f56bfc062723c751e8b465ee728b)
Number of updated assets reloaded before import = 0
Start importing Assets/Scripts/AI classes/MCST.cs using Guid(1aeb23232235f77459be32ef8db755f2) Importer(815301076,1909f56bfc062723c751e8b465ee728b)  -> (artifact id: '8a8c876d337dd46a9115ee147f42ec1e') in 0.012694 seconds 
Number of asset objects unloaded after import = 0
========================================================================
Received Import Request.
  Time since last request: 365.842939 seconds.
  path: Assets/Scripts/AI classes/MCST.cs
  artifactKey: Guid(1aeb23232235f77459be32ef8db755f2) Importer(815301076,1909f56bfc062723c751e8b465ee728b)
Number of updated assets reloaded before import = 0
Start importing Assets/Scripts/AI classes/MCST.cs using Guid(1aeb23232235f77459be32ef8db755f2) Importer(815301076,1909f56bfc062723c751e8b465ee728b)  -> (artifact id: '3610f8ede547b78c8d0cf4ad180590e7') in 0.032322 seconds 
Number of asset objects unloaded after import = 0
========================================================================
Received Import Request.
  Time since last request: 48.480033 seconds.
  path: Assets/Scripts/AI classes/MCST.cs
  artifactKey: Guid(1aeb23232235f77459be32ef8db755f2) Importer(815301076,1909f56bfc062723c751e8b465ee728b)
Number of updated assets reloaded before import = 0
Start importing Assets/Scripts/AI classes/MCST.cs using Guid(1aeb23232235f77459be32ef8db755f2) Importer(815301076,1909f56bfc062723c751e8b465ee728b)  -> (artifact id: 'f365d0e00878e080f465d43ff058f2ad') in 0.013115 seconds 
Number of asset objects unloaded after import = 0
========================================================================
Received Import Request.
  Time since last request: 25.211729 seconds.
  path: Assets/Scripts/AI classes/MCST.cs
  artifactKey: Guid(1aeb23232235f77459be32ef8db755f2) Importer(815301076,1909f56bfc062723c751e8b465ee728b)
Number of updated assets reloaded before import = 0
Start importing Assets/Scripts/AI classes/MCST.cs using Guid(1aeb23232235f77459be32ef8db755f2) Importer(815301076,1909f56bfc062723c751e8b465ee728b)  -> (artifact id: 'ec90227ff02fdefdbb60ae3e450986b1') in 0.018772 seconds 
Number of asset objects unloaded after import = 0
========================================================================
Received Import Request.
  Time since last request: 22.660880 seconds.
  path: Assets/Scripts/AI classes/MCST.cs
  artifactKey: Guid(1aeb23232235f77459be32ef8db755f2) Importer(815301076,1909f56bfc062723c751e8b465ee728b)
Number of updated assets reloaded before import = 0
Start importing Assets/Scripts/AI classes/MCST.cs using Guid(1aeb23232235f77459be32ef8db755f2) Importer(815301076,1909f56bfc062723c751e8b465ee728b)  -> (artifact id: 'ce07c58f2df5f2805f5bdc1e2e049b94') in 0.022971 seconds 
Number of asset objects unloaded after import = 0
========================================================================
Received Import Request.
  Time since last request: 350.606242 seconds.
  path: Assets/Scripts/AI classes/MCST.cs
  artifactKey: Guid(1aeb23232235f77459be32ef8db755f2) Importer(815301076,1909f56bfc062723c751e8b465ee728b)
Number of updated assets reloaded before import = 0
Start importing Assets/Scripts/AI classes/MCST.cs using Guid(1aeb23232235f77459be32ef8db755f2) Importer(815301076,1909f56bfc062723c751e8b465ee728b)  -> (artifact id: '036bf501a0ed596bff0ed7b805dba485') in 0.031448 seconds 
Number of asset objects unloaded after import = 0
========================================================================
Received Import Request.
  Time since last request: 1340.069686 seconds.
  path: Assets/Scripts/AI classes/MCST.cs
  artifactKey: Guid(1aeb23232235f77459be32ef8db755f2) Importer(815301076,1909f56bfc062723c751e8b465ee728b)
Number of updated assets reloaded before import = 0
Start importing Assets/Scripts/AI classes/MCST.cs using Guid(1aeb23232235f77459be32ef8db755f2) Importer(815301076,1909f56bfc062723c751e8b465ee728b)  -> (artifact id: '98e9919a81489ea06455307645b701c0') in 0.014463 seconds 
Number of asset objects unloaded after import = 0
========================================================================
Received Import Request.
  Time since last request: 473.187460 seconds.
  path: Assets/Scripts/AI classes/MCST.cs
  artifactKey: Guid(1aeb23232235f77459be32ef8db755f2) Importer(815301076,1909f56bfc062723c751e8b465ee728b)
Number of updated assets reloaded before import = 0
Start importing Assets/Scripts/AI classes/MCST.cs using Guid(1aeb23232235f77459be32ef8db755f2) Importer(815301076,1909f56bfc062723c751e8b465ee728b)  -> (artifact id: '64cb8223637bb797f15bf3ec0abd9345') in 0.032164 seconds 
Number of asset objects unloaded after import = 0
========================================================================
Received Import Request.
  Time since last request: 69.181569 seconds.
  path: Assets/Scripts/AI classes/MCST.cs
  artifactKey: Guid(1aeb23232235f77459be32ef8db755f2) Importer(815301076,1909f56bfc062723c751e8b465ee728b)
Number of updated assets reloaded before import = 0
Start importing Assets/Scripts/AI classes/MCST.cs using Guid(1aeb23232235f77459be32ef8db755f2) Importer(815301076,1909f56bfc062723c751e8b465ee728b)  -> (artifact id: '64fbef2cc84b439b0a1e0e631bb45b92') in 0.023932 seconds 
Number of asset objects unloaded after import = 0
========================================================================
Received Import Request.
  Time since last request: 164.676356 seconds.
  path: Assets/Scripts/AI classes/MCST.cs
  artifactKey: Guid(1aeb23232235f77459be32ef8db755f2) Importer(815301076,1909f56bfc062723c751e8b465ee728b)
Number of updated assets reloaded before import = 0
Start importing Assets/Scripts/AI classes/MCST.cs using Guid(1aeb23232235f77459be32ef8db755f2) Importer(815301076,1909f56bfc062723c751e8b465ee728b)  -> (artifact id: '44adf439d462632f0279352e5950407d') in 0.012535 seconds 
Number of asset objects unloaded after import = 0
========================================================================
Received Import Request.
  Time since last request: 936.061096 seconds.
  path: Assets/Scripts/AI classes/MCST.cs
  artifactKey: Guid(1aeb23232235f77459be32ef8db755f2) Importer(815301076,1909f56bfc062723c751e8b465ee728b)
Number of updated assets reloaded before import = 0
Start importing Assets/Scripts/AI classes/MCST.cs using Guid(1aeb23232235f77459be32ef8db755f2) Importer(815301076,1909f56bfc062723c751e8b465ee728b)  -> (artifact id: '713c39531f180f68bb681cad1d80d57f') in 0.014337 seconds 
Number of asset objects unloaded after import = 0
========================================================================
Received Import Request.
  Time since last request: 501.961935 seconds.
  path: Assets/Scripts/AI classes/MCST.cs
  artifactKey: Guid(1aeb23232235f77459be32ef8db755f2) Importer(815301076,1909f56bfc062723c751e8b465ee728b)
Number of updated assets reloaded before import = 0
Start importing Assets/Scripts/AI classes/MCST.cs using Guid(1aeb23232235f77459be32ef8db755f2) Importer(815301076,1909f56bfc062723c751e8b465ee728b)  -> (artifact id: '8fc8bdb0d3e969adb56c382f124c7cf8') in 0.012956 seconds 
Number of asset objects unloaded after import = 0
========================================================================
Received Import Request.
  Time since last request: 164.299148 seconds.
  path: Assets/Scripts/AI classes/MCST.cs
  artifactKey: Guid(1aeb23232235f77459be32ef8db755f2) Importer(815301076,1909f56bfc062723c751e8b465ee728b)
Number of updated assets reloaded before import = 0
Start importing Assets/Scripts/AI classes/MCST.cs using Guid(1aeb23232235f77459be32ef8db755f2) Importer(815301076,1909f56bfc062723c751e8b465ee728b)  -> (artifact id: '9f290cd85d28a076f4d136c7036fe98f') in 0.013919 seconds 
Number of asset objects unloaded after import = 0
========================================================================
Received Import Request.
  Time since last request: 3694.820775 seconds.
  path: Assets/Scripts/AI classes/MCST.cs
  artifactKey: Guid(1aeb23232235f77459be32ef8db755f2) Importer(815301076,1909f56bfc062723c751e8b465ee728b)
Number of updated assets reloaded before import = 0
Start importing Assets/Scripts/AI classes/MCST.cs using Guid(1aeb23232235f77459be32ef8db755f2) Importer(815301076,1909f56bfc062723c751e8b465ee728b)  -> (artifact id: '726c6540b93bcc907583b33a218b9eac') in 0.021382 seconds 
Number of asset objects unloaded after import = 0
========================================================================
Received Import Request.
  Time since last request: 1734.570329 seconds.
  path: Assets/Scripts/AI classes/MCST.cs
  artifactKey: Guid(1aeb23232235f77459be32ef8db755f2) Importer(815301076,1909f56bfc062723c751e8b465ee728b)
Number of updated assets reloaded before import = 0
Start importing Assets/Scripts/AI classes/MCST.cs using Guid(1aeb23232235f77459be32ef8db755f2) Importer(815301076,1909f56bfc062723c751e8b465ee728b)  -> (artifact id: 'fe1eaff3be4957a9cc13bdf126b21b86') in 0.013164 seconds 
Number of asset objects unloaded after import = 0
